[1/10] Performing build step for 'bootloader'
[1/1] C:\Windows\system32\cmd.exe /C "cd /D E:\MyProject\UniProject_agent\led\build\bootloader\esp-idf\esptool_py && E:\CodeTool\esp\.espressif\python_env\idf5.2_py3.11_env\Scripts\python.exe E:/CodeTool/esp/v5.2.5/esp-idf/components/partition_table/check_sizes.py --offset 0x8000 bootloader 0x1000 E:/MyProject/UniProject_agent/led/build/bootloader/bootloader.bin"
Bootloader binary size 0x68b0 bytes. 0x750 bytes (7%) free.
[2/10] No install step for 'bootloader'
[3/10] Completed 'bootloader'
[4/10] Building C object esp-idf/main/CMakeFiles/__idf_main.dir/led.c.obj
[5/10] Linking C static library esp-idf\main\libmain.a
[6/10] Generating ld/sections.ld
[7/10] Building C object CMakeFiles/led.elf.dir/project_elf_src_esp32.c.obj
[8/10] Linking CXX executable led.elf
FAILED: led.elf 
C:\Windows\system32\cmd.exe /C "cd . && E:\CodeTool\esp\.espressif\tools\xtensa-esp-elf\esp-13.2.0_20230928\xtensa-esp-elf\bin\xtensa-esp32-elf-g++.exe -mlongcalls -Wno-frame-address  -fno-builtin-memcpy -fno-builtin-memset -fno-builtin-bzero -fno-builtin-stpcpy -fno-builtin-strncpy -Wl,--cref -Wl,--defsym=IDF_TARGET_ESP32=0 -Wl,--Map=E:/MyProject/UniProject_agent/led/build/led.map -Wl,--no-warn-rwx-segments -fno-rtti -fno-lto -Wl,--gc-sections -Wl,--warn-common -T esp32.peripherals.ld -T esp32.rom.ld -T esp32.rom.api.ld -T esp32.rom.libgcc.ld -T esp32.rom.newlib-data.ld -T esp32.rom.syscalls.ld -T esp32.rom.newlib-funcs.ld -T memory.ld -T sections.ld @CMakeFiles\led.elf.rsp -o led.elf && cd ."
E:/CodeTool/esp/.espressif/tools/xtensa-esp-elf/esp-13.2.0_20230928/xtensa-esp-elf/bin/../lib/gcc/xtensa-esp-elf/13.2.0/../../../../xtensa-esp-elf/bin/ld.exe: esp-idf/main/libmain.a(led.c.obj):(.literal.command_process_task+0x4): undefined reference to `command_length'
E:/CodeTool/esp/.espressif/tools/xtensa-esp-elf/esp-13.2.0_20230928/xtensa-esp-elf/bin/../lib/gcc/xtensa-esp-elf/13.2.0/../../../../xtensa-esp-elf/bin/ld.exe: esp-idf/main/libmain.a(led.c.obj):(.literal.command_process_task+0x10): undefined reference to `command_buffer'
collect2.exe: error: ld returned 1 exit status
ninja: build stopped: subcommand failed.
